( 2023-01-12 01:04:20 ) warn : URL: /, METHOD: GET
( 2023-01-12 01:58:11 ) warn : URL: /, METHOD: GET
( 2023-01-12 03:12:41 ) warn : URL: /, METHOD: GET
( 2023-01-12 04:36:01 ) warn : URL: /asd, METHOD: GET
( 2023-01-12 04:36:41 ) warn : URL: /asd, METHOD: GET
( 2023-01-12 04:38:08 ) warn : URL: /asd, METHOD: GET
( 2023-01-12 04:38:25 ) warn : URL: /asd, METHOD: GET
( 2023-01-12 04:42:38 ) warn : URL: /asd, METHOD: GET
( 2023-01-12 04:43:23 ) warn : URL: /asd, METHOD: GET
( 2023-01-12 04:43:44 ) warn : URL: /asd, METHOD: GET
( 2023-01-12 04:43:54 ) warn : URL: /asd, METHOD: GET
( 2023-01-12 04:44:05 ) warn : URL: /asd, METHOD: GET
( 2023-01-12 04:49:35 ) warn : URL: /asd, METHOD: GET
( 2023-01-12 04:49:39 ) warn : URL: /asd, METHOD: GET
( 2023-01-12 04:50:11 ) warn : URL: /asd, METHOD: GET
( 2023-01-12 04:50:19 ) warn : URL: /asd, METHOD: GET
( 2023-01-12 04:50:28 ) warn : URL: /asd, METHOD: GET
( 2023-01-12 04:50:30 ) warn : URL: /asd, METHOD: GET
( 2023-01-12 04:50:56 ) warn : URL: /asd, METHOD: GET
( 2023-01-12 04:54:28 ) warn : URL: /asd, METHOD: GET
( 2023-01-12 04:55:47 ) warn : URL: /asd, METHOD: GET
( 2023-01-12 05:06:50 ) warn : URL: /, METHOD: GET
( 2023-01-12 05:06:58 ) warn : URL: /asdsaf, METHOD: GET
( 2023-01-12 05:07:04 ) warn : URL: /asdsaf, METHOD: GET
( 2023-01-12 05:09:55 ) warn : URL: /product/asdsaf, METHOD: GET
( 2023-01-12 05:10:02 ) warn : URL: /product/asdsaf, METHOD: GET
( 2023-01-12 05:12:37 ) warn : URL: /dasdas, METHOD: GET
( 2023-01-12 05:12:46 ) warn : URL: /acdfas/ada, METHOD: GET
