( 2023-03-02 01:47:50 ) warn : product added
( 2023-03-02 01:47:50 ) warn : product added
( 2023-03-02 01:47:50 ) warn : product added
( 2023-03-02 01:47:50 ) warn : product added
( 2023-03-02 01:47:51 ) warn : product added
( 2023-03-02 01:48:00 ) warn : product added
( 2023-03-02 01:48:00 ) warn : product added
( 2023-03-02 01:48:00 ) warn : product added
( 2023-03-02 01:48:00 ) warn : product added
( 2023-03-02 01:48:00 ) warn : product added
( 2023-03-02 01:48:37 ) warn : product added
( 2023-03-02 01:48:37 ) warn : product added
( 2023-03-02 01:48:37 ) warn : product added
( 2023-03-02 01:48:37 ) warn : product added
( 2023-03-02 01:48:38 ) warn : product added
( 2023-03-02 01:49:05 ) warn : product added
( 2023-03-02 01:49:05 ) warn : product added
( 2023-03-02 01:49:05 ) warn : product added
( 2023-03-02 01:49:05 ) warn : product added
( 2023-03-02 01:49:05 ) warn : product added
( 2023-03-02 01:49:10 ) warn : product added
( 2023-03-02 01:49:10 ) warn : product added
( 2023-03-02 01:49:10 ) warn : product added
( 2023-03-02 01:49:10 ) warn : product added
( 2023-03-02 01:49:10 ) warn : product added
( 2023-03-02 02:23:22 ) warn : product added
( 2023-03-02 02:23:23 ) warn : product added
( 2023-03-02 02:23:23 ) warn : product added
( 2023-03-02 02:23:23 ) warn : product added
( 2023-03-02 02:23:23 ) warn : product added
( 2023-03-02 02:23:28 ) warn : product added
( 2023-03-02 02:23:28 ) warn : product added
( 2023-03-02 02:23:28 ) warn : product added
( 2023-03-02 02:23:28 ) warn : product added
( 2023-03-02 02:23:28 ) warn : product added
( 2023-03-02 02:23:30 ) warn : product added
( 2023-03-02 02:23:30 ) warn : product added
( 2023-03-02 02:23:30 ) warn : product added
( 2023-03-02 02:23:30 ) warn : product added
( 2023-03-02 02:23:30 ) warn : product added
( 2023-03-02 02:23:32 ) warn : product added
( 2023-03-02 02:23:32 ) warn : product added
( 2023-03-02 02:23:32 ) warn : product added
( 2023-03-02 02:23:32 ) warn : product added
( 2023-03-02 02:23:32 ) warn : product added
( 2023-03-03 02:16:29 ) warn : product added
( 2023-03-03 02:25:31 ) warn : product added
( 2023-03-04 02:37:25 ) warn :  productos added
( 2023-03-04 02:37:40 ) warn :  productos added
( 2023-03-04 02:37:40 ) warn :  productos added
( 2023-03-04 02:37:40 ) warn :  productos added
( 2023-03-04 02:37:40 ) warn :  productos added
( 2023-03-04 02:37:40 ) warn :  productos added
( 2023-03-04 02:41:27 ) warn :  users added
( 2023-03-04 02:42:26 ) warn :  users added
( 2023-03-04 02:42:41 ) warn :  productos added
( 2023-03-04 02:45:07 ) warn :  products added
( 2023-03-04 02:46:25 ) warn :  products added
( 2023-03-04 02:46:44 ) warn :  users added
( 2023-03-04 03:00:39 ) warn :  products added
( 2023-03-04 03:00:39 ) warn :  products added
( 2023-03-04 03:00:39 ) warn :  products added
( 2023-03-04 03:00:39 ) warn :  products added
( 2023-03-04 03:00:39 ) warn :  products added
( 2023-03-04 03:01:18 ) warn :  products added
( 2023-03-04 03:01:53 ) warn :  users added
( 2023-03-04 03:35:18 ) warn : Datos Guardados
( 2023-03-04 03:37:14 ) warn : Datos Guardados
