( 2023-03-02 01:47:50 ) warn : product added
( 2023-03-02 01:47:50 ) warn : product added
( 2023-03-02 01:47:50 ) warn : product added
( 2023-03-02 01:47:50 ) warn : product added
( 2023-03-02 01:47:51 ) warn : product added
( 2023-03-02 01:48:00 ) warn : product added
( 2023-03-02 01:48:00 ) warn : product added
( 2023-03-02 01:48:00 ) warn : product added
( 2023-03-02 01:48:00 ) warn : product added
( 2023-03-02 01:48:00 ) warn : product added
( 2023-03-02 01:48:37 ) warn : product added
( 2023-03-02 01:48:37 ) warn : product added
( 2023-03-02 01:48:37 ) warn : product added
( 2023-03-02 01:48:37 ) warn : product added
( 2023-03-02 01:48:38 ) warn : product added
( 2023-03-02 01:49:05 ) warn : product added
( 2023-03-02 01:49:05 ) warn : product added
( 2023-03-02 01:49:05 ) warn : product added
( 2023-03-02 01:49:05 ) warn : product added
( 2023-03-02 01:49:05 ) warn : product added
( 2023-03-02 01:49:10 ) warn : product added
( 2023-03-02 01:49:10 ) warn : product added
( 2023-03-02 01:49:10 ) warn : product added
( 2023-03-02 01:49:10 ) warn : product added
( 2023-03-02 01:49:10 ) warn : product added
( 2023-03-02 02:23:22 ) warn : product added
( 2023-03-02 02:23:23 ) warn : product added
( 2023-03-02 02:23:23 ) warn : product added
( 2023-03-02 02:23:23 ) warn : product added
( 2023-03-02 02:23:23 ) warn : product added
( 2023-03-02 02:23:28 ) warn : product added
( 2023-03-02 02:23:28 ) warn : product added
( 2023-03-02 02:23:28 ) warn : product added
( 2023-03-02 02:23:28 ) warn : product added
( 2023-03-02 02:23:28 ) warn : product added
( 2023-03-02 02:23:30 ) warn : product added
( 2023-03-02 02:23:30 ) warn : product added
( 2023-03-02 02:23:30 ) warn : product added
( 2023-03-02 02:23:30 ) warn : product added
( 2023-03-02 02:23:30 ) warn : product added
( 2023-03-02 02:23:32 ) warn : product added
( 2023-03-02 02:23:32 ) warn : product added
( 2023-03-02 02:23:32 ) warn : product added
( 2023-03-02 02:23:32 ) warn : product added
( 2023-03-02 02:23:32 ) warn : product added
( 2023-03-03 02:16:29 ) warn : product added
( 2023-03-03 02:25:31 ) warn : product added
( 2023-03-04 02:37:25 ) warn :  productos added
( 2023-03-04 02:37:40 ) warn :  productos added
( 2023-03-04 02:37:40 ) warn :  productos added
( 2023-03-04 02:37:40 ) warn :  productos added
( 2023-03-04 02:37:40 ) warn :  productos added
( 2023-03-04 02:37:40 ) warn :  productos added
( 2023-03-04 02:41:27 ) warn :  users added
( 2023-03-04 02:42:26 ) warn :  users added
( 2023-03-04 02:42:41 ) warn :  productos added
( 2023-03-04 02:45:07 ) warn :  products added
( 2023-03-04 02:46:25 ) warn :  products added
( 2023-03-04 02:46:44 ) warn :  users added
( 2023-03-04 03:00:39 ) warn :  products added
( 2023-03-04 03:00:39 ) warn :  products added
( 2023-03-04 03:00:39 ) warn :  products added
( 2023-03-04 03:00:39 ) warn :  products added
( 2023-03-04 03:00:39 ) warn :  products added
( 2023-03-04 03:01:18 ) warn :  products added
( 2023-03-04 03:01:53 ) warn :  users added
( 2023-03-04 03:35:18 ) warn : Datos Guardados
( 2023-03-04 03:37:14 ) warn : Datos Guardados
( 2023-03-06 01:01:27 ) warn :  products added
( 2023-03-06 01:01:27 ) warn :  products added
( 2023-03-06 01:01:27 ) warn :  products added
( 2023-03-06 01:01:27 ) warn :  products added
( 2023-03-06 01:01:27 ) warn :  products added
( 2023-03-06 01:23:43 ) warn :  products added
( 2023-03-06 01:23:43 ) warn :  products added
( 2023-03-06 01:23:43 ) warn :  products added
( 2023-03-06 01:23:43 ) warn :  products added
( 2023-03-06 01:23:43 ) warn :  products added
( 2023-03-06 01:39:06 ) warn :  products added
( 2023-03-06 01:39:06 ) warn :  products added
( 2023-03-06 01:39:06 ) warn :  products added
( 2023-03-06 01:39:06 ) warn :  products added
( 2023-03-06 01:39:06 ) warn :  products added
( 2023-03-06 04:03:46 ) warn : Edited
( 2023-03-06 04:04:13 ) warn : Edited
( 2023-03-06 04:06:08 ) warn : Edited
( 2023-03-06 04:06:13 ) warn : Edited
( 2023-03-06 04:06:57 ) warn : Edited
( 2023-03-06 04:06:59 ) warn : Edited
( 2023-03-06 04:08:34 ) warn : Edited
( 2023-03-06 04:08:36 ) warn : Edited
( 2023-03-06 04:08:38 ) warn : Edited
( 2023-03-06 04:10:48 ) warn : Edited
( 2023-03-06 04:11:26 ) warn : Edited
( 2023-03-06 04:14:59 ) warn : Edited
( 2023-03-06 04:15:36 ) warn : Edited
( 2023-03-06 04:20:02 ) warn : Edited
( 2023-03-06 04:20:28 ) warn : Edited
( 2023-03-06 04:20:54 ) warn : Edited
( 2023-03-06 04:21:49 ) warn : Edited
( 2023-03-06 04:22:06 ) warn : Edited
( 2023-03-06 04:22:53 ) warn : Edited
( 2023-03-06 04:23:18 ) warn : Edited
( 2023-03-06 04:24:39 ) warn : Edited
( 2023-03-06 04:25:24 ) warn : Edited
( 2023-03-06 04:27:42 ) warn : Edited
( 2023-03-06 04:27:55 ) warn : Edited
( 2023-03-06 04:28:25 ) warn : Edited
( 2023-03-06 04:29:41 ) warn : Edited
( 2023-03-06 04:30:24 ) warn : Edited
( 2023-03-06 04:30:43 ) warn : Edited
( 2023-03-06 04:30:55 ) warn : Edited
( 2023-03-06 04:31:24 ) warn : Edited
( 2023-03-06 04:31:28 ) warn : Edited
( 2023-03-06 04:32:23 ) warn : Edited
( 2023-03-06 04:33:09 ) warn : Edited
( 2023-03-06 04:36:06 ) warn : Edited
( 2023-03-06 04:53:19 ) warn :  carritos added
( 2023-03-06 04:53:19 ) warn :  users added
( 2023-03-06 04:54:45 ) warn :  carritos added
( 2023-03-06 04:54:45 ) warn :  users added
( 2023-03-06 05:01:31 ) warn :  carritos added
( 2023-03-06 05:01:31 ) warn :  users added
( 2023-03-06 05:04:06 ) warn :  carritos added
( 2023-03-06 05:04:06 ) warn :  users added
( 2023-03-06 05:05:33 ) warn :  carritos added
( 2023-03-06 05:05:33 ) warn :  users added
( 2023-03-06 05:07:58 ) warn :  carritos added
( 2023-03-06 05:07:58 ) warn :  users added
( 2023-03-06 05:09:31 ) warn :  carritos added
( 2023-03-06 05:09:31 ) warn :  users added
( 2023-03-06 05:10:33 ) warn :  carritos added
( 2023-03-06 05:10:33 ) warn :  users added
( 2023-03-06 05:11:16 ) warn :  carritos added
( 2023-03-06 05:11:16 ) warn :  users added
( 2023-03-06 05:36:09 ) warn : Edited
( 2023-03-06 05:40:02 ) warn :  carritos added
( 2023-03-06 05:40:02 ) warn :  users added
( 2023-03-06 05:40:40 ) warn : Edited
( 2023-03-06 05:40:54 ) warn : Edited
